"pkg-config --exists gl"
| pkg-config --libs gl
=> "-lGL\n"
"gcc -o conftest -I/usr/share/rvm/rubies/ruby-2.3.4/include/ruby-2.3.0/x86_64-linux -I/usr/share/rvm/rubies/ruby-2.3.4/include/ruby-2.3.0/ruby/backward -I/usr/share/rvm/rubies/ruby-2.3.4/include/ruby-2.3.0 -I. -I../..     -O3 -fno-fast-math -ggdb3 -Wall -Wextra -Wno-unused-parameter -Wno-parentheses -Wno-long-long -Wno-missing-field-initializers -Wunused-variable -Wpointer-arith -Wwrite-strings -Wdeclaration-after-statement -Wimplicit-function-declaration -Wdeprecated-declarations -Wno-packed-bitfield-compat -Wno-maybe-uninitialized  -fPIC -DGOSU_DEPRECATED= conftest.c  -L. -L/usr/share/rvm/rubies/ruby-2.3.4/lib -Wl,-R/usr/share/rvm/rubies/ruby-2.3.4/lib -L. -fstack-protector -rdynamic -Wl,-export-dynamic     -Wl,-rpath,'/../lib' -Wl,-R'/../lib' -lruby  -lpthread -lgmp -ldl -lcrypt -lm   -lc"
checked program was:
/* begin */
1: #include "ruby.h"
2: 
3: int main(int argc, char **argv)
4: {
5:   return 0;
6: }
/* end */

"gcc -o conftest -I/usr/share/rvm/rubies/ruby-2.3.4/include/ruby-2.3.0/x86_64-linux -I/usr/share/rvm/rubies/ruby-2.3.4/include/ruby-2.3.0/ruby/backward -I/usr/share/rvm/rubies/ruby-2.3.4/include/ruby-2.3.0 -I. -I../..     -O3 -fno-fast-math -ggdb3 -Wall -Wextra -Wno-unused-parameter -Wno-parentheses -Wno-long-long -Wno-missing-field-initializers -Wunused-variable -Wpointer-arith -Wwrite-strings -Wdeclaration-after-statement -Wimplicit-function-declaration -Wdeprecated-declarations -Wno-packed-bitfield-compat -Wno-maybe-uninitialized  -fPIC -DGOSU_DEPRECATED= conftest.c  -L. -L/usr/share/rvm/rubies/ruby-2.3.4/lib -Wl,-R/usr/share/rvm/rubies/ruby-2.3.4/lib -L. -fstack-protector -rdynamic -Wl,-export-dynamic     -Wl,-rpath,'/../lib' -Wl,-R'/../lib' -lruby -lGL -lpthread -lgmp -ldl -lcrypt -lm   -lc"
checked program was:
/* begin */
1: #include "ruby.h"
2: 
3: int main(int argc, char **argv)
4: {
5:   return 0;
6: }
/* end */

| pkg-config --cflags-only-I gl
=> "-I/usr/include/libdrm\n"
| pkg-config --cflags-only-other gl
=> "\n"
| pkg-config --libs-only-l gl
=> "-lGL\n"
package configuration for gl
cflags: 
ldflags: 
libs: -lGL

"pkg-config --exists sdl2"
| pkg-config --libs sdl2
=> "-lSDL2\n"
"gcc -o conftest -I/usr/share/rvm/rubies/ruby-2.3.4/include/ruby-2.3.0/x86_64-linux -I/usr/share/rvm/rubies/ruby-2.3.4/include/ruby-2.3.0/ruby/backward -I/usr/share/rvm/rubies/ruby-2.3.4/include/ruby-2.3.0 -I. -I../.. -I/usr/include/libdrm     -O3 -fno-fast-math -ggdb3 -Wall -Wextra -Wno-unused-parameter -Wno-parentheses -Wno-long-long -Wno-missing-field-initializers -Wunused-variable -Wpointer-arith -Wwrite-strings -Wdeclaration-after-statement -Wimplicit-function-declaration -Wdeprecated-declarations -Wno-packed-bitfield-compat -Wno-maybe-uninitialized  -fPIC -DGOSU_DEPRECATED=  conftest.c  -L. -L/usr/share/rvm/rubies/ruby-2.3.4/lib -Wl,-R/usr/share/rvm/rubies/ruby-2.3.4/lib -L. -fstack-protector -rdynamic -Wl,-export-dynamic      -lGL -Wl,-rpath,'/../lib' -Wl,-R'/../lib' -lruby -lSDL2 -lpthread -lgmp -ldl -lcrypt -lm   -lc"
checked program was:
/* begin */
1: #include "ruby.h"
2: 
3: int main(int argc, char **argv)
4: {
5:   return 0;
6: }
/* end */

| pkg-config --cflags-only-I sdl2
=> "-I/usr/include/SDL2\n"
| pkg-config --cflags-only-other sdl2
=> "-D_REENTRANT\n"
| pkg-config --libs-only-l sdl2
=> "-lSDL2\n"
package configuration for sdl2
cflags: -D_REENTRANT
ldflags: 
libs: -lSDL2

"pkg-config --exists pangoft2"
| pkg-config --libs pangoft2
=> "-lpangoft2-1.0 -lpango-1.0 -lgobject-2.0 -lglib-2.0 -lfontconfig -lfreetype\n"
"gcc -o conftest -I/usr/share/rvm/rubies/ruby-2.3.4/include/ruby-2.3.0/x86_64-linux -I/usr/share/rvm/rubies/ruby-2.3.4/include/ruby-2.3.0/ruby/backward -I/usr/share/rvm/rubies/ruby-2.3.4/include/ruby-2.3.0 -I. -I../.. -I/usr/include/libdrm -I/usr/include/SDL2     -O3 -fno-fast-math -ggdb3 -Wall -Wextra -Wno-unused-parameter -Wno-parentheses -Wno-long-long -Wno-missing-field-initializers -Wunused-variable -Wpointer-arith -Wwrite-strings -Wdeclaration-after-statement -Wimplicit-function-declaration -Wdeprecated-declarations -Wno-packed-bitfield-compat -Wno-maybe-uninitialized  -fPIC -DGOSU_DEPRECATED=  -D_REENTRANT conftest.c  -L. -L/usr/share/rvm/rubies/ruby-2.3.4/lib -Wl,-R/usr/share/rvm/rubies/ruby-2.3.4/lib -L. -fstack-protector -rdynamic -Wl,-export-dynamic       -lGL -lSDL2 -Wl,-rpath,'/../lib' -Wl,-R'/../lib' -lruby -lpangoft2-1.0 -lpango-1.0 -lgobject-2.0 -lglib-2.0 -lfontconfig -lfreetype -lpthread -lgmp -ldl -lcrypt -lm   -lc"
checked program was:
/* begin */
1: #include "ruby.h"
2: 
3: int main(int argc, char **argv)
4: {
5:   return 0;
6: }
/* end */

| pkg-config --cflags-only-I pangoft2
=> "-I/usr/include/pango-1.0 -I/usr/include/harfbuzz -I/usr/include/pango-1.0 -I/usr/include/glib-2.0 -I/usr/lib/x86_64-linux-gnu/glib-2.0/include -I/usr/include/freetype2\n"
| pkg-config --cflags-only-other pangoft2
=> "\n"
| pkg-config --libs-only-l pangoft2
=> "-lpangoft2-1.0 -lpango-1.0 -lgobject-2.0 -lglib-2.0 -lfontconfig -lfreetype\n"
package configuration for pangoft2
cflags: 
ldflags: 
libs: -lpangoft2-1.0 -lpango-1.0 -lgobject-2.0 -lglib-2.0 -lfontconfig -lfreetype

"pkg-config --exists vorbisfile"
| pkg-config --libs vorbisfile
=> "-lvorbisfile\n"
"gcc -o conftest -I/usr/share/rvm/rubies/ruby-2.3.4/include/ruby-2.3.0/x86_64-linux -I/usr/share/rvm/rubies/ruby-2.3.4/include/ruby-2.3.0/ruby/backward -I/usr/share/rvm/rubies/ruby-2.3.4/include/ruby-2.3.0 -I. -I../.. -I/usr/include/libdrm -I/usr/include/SDL2 -I/usr/include/pango-1.0 -I/usr/include/harfbuzz -I/usr/include/pango-1.0 -I/usr/include/glib-2.0 -I/usr/lib/x86_64-linux-gnu/glib-2.0/include -I/usr/include/freetype2     -O3 -fno-fast-math -ggdb3 -Wall -Wextra -Wno-unused-parameter -Wno-parentheses -Wno-long-long -Wno-missing-field-initializers -Wunused-variable -Wpointer-arith -Wwrite-strings -Wdeclaration-after-statement -Wimplicit-function-declaration -Wdeprecated-declarations -Wno-packed-bitfield-compat -Wno-maybe-uninitialized  -fPIC -DGOSU_DEPRECATED=  -D_REENTRANT  conftest.c  -L. -L/usr/share/rvm/rubies/ruby-2.3.4/lib -Wl,-R/usr/share/rvm/rubies/ruby-2.3.4/lib -L. -fstack-protector -rdynamic -Wl,-export-dynamic        -lGL -lSDL2 -lpangoft2-1.0 -lpango-1.0 -lgobject-2.0 -lglib-2.0 -lfontconfig -lfreetype -Wl,-rpath,'/../lib' -Wl,-R'/../lib' -lruby -lvorbisfile -lpthread -lgmp -ldl -lcrypt -lm   -lc"
checked program was:
/* begin */
1: #include "ruby.h"
2: 
3: int main(int argc, char **argv)
4: {
5:   return 0;
6: }
/* end */

| pkg-config --cflags-only-I vorbisfile
=> "\n"
| pkg-config --cflags-only-other vorbisfile
=> "\n"
| pkg-config --libs-only-l vorbisfile
=> "-lvorbisfile\n"
package configuration for vorbisfile
cflags: 
ldflags: 
libs: -lvorbisfile

"pkg-config --exists openal"
| pkg-config --libs openal
=> "-lopenal\n"
"gcc -o conftest -I/usr/share/rvm/rubies/ruby-2.3.4/include/ruby-2.3.0/x86_64-linux -I/usr/share/rvm/rubies/ruby-2.3.4/include/ruby-2.3.0/ruby/backward -I/usr/share/rvm/rubies/ruby-2.3.4/include/ruby-2.3.0 -I. -I../.. -I/usr/include/libdrm -I/usr/include/SDL2 -I/usr/include/pango-1.0 -I/usr/include/harfbuzz -I/usr/include/pango-1.0 -I/usr/include/glib-2.0 -I/usr/lib/x86_64-linux-gnu/glib-2.0/include -I/usr/include/freetype2      -O3 -fno-fast-math -ggdb3 -Wall -Wextra -Wno-unused-parameter -Wno-parentheses -Wno-long-long -Wno-missing-field-initializers -Wunused-variable -Wpointer-arith -Wwrite-strings -Wdeclaration-after-statement -Wimplicit-function-declaration -Wdeprecated-declarations -Wno-packed-bitfield-compat -Wno-maybe-uninitialized  -fPIC -DGOSU_DEPRECATED=  -D_REENTRANT   conftest.c  -L. -L/usr/share/rvm/rubies/ruby-2.3.4/lib -Wl,-R/usr/share/rvm/rubies/ruby-2.3.4/lib -L. -fstack-protector -rdynamic -Wl,-export-dynamic         -lGL -lSDL2 -lpangoft2-1.0 -lpango-1.0 -lgobject-2.0 -lglib-2.0 -lfontconfig -lfreetype -lvorbisfile -Wl,-rpath,'/../lib' -Wl,-R'/../lib' -lruby -lopenal -lpthread -lgmp -ldl -lcrypt -lm   -lc"
checked program was:
/* begin */
1: #include "ruby.h"
2: 
3: int main(int argc, char **argv)
4: {
5:   return 0;
6: }
/* end */

| pkg-config --cflags-only-I openal
=> "-I/usr/include/AL\n"
| pkg-config --cflags-only-other openal
=> "\n"
| pkg-config --libs-only-l openal
=> "-lopenal\n"
package configuration for openal
cflags: 
ldflags: 
libs: -lopenal

"pkg-config --exists sndfile"
| pkg-config --libs sndfile
=> "-lsndfile\n"
"gcc -o conftest -I/usr/share/rvm/rubies/ruby-2.3.4/include/ruby-2.3.0/x86_64-linux -I/usr/share/rvm/rubies/ruby-2.3.4/include/ruby-2.3.0/ruby/backward -I/usr/share/rvm/rubies/ruby-2.3.4/include/ruby-2.3.0 -I. -I../.. -I/usr/include/libdrm -I/usr/include/SDL2 -I/usr/include/pango-1.0 -I/usr/include/harfbuzz -I/usr/include/pango-1.0 -I/usr/include/glib-2.0 -I/usr/lib/x86_64-linux-gnu/glib-2.0/include -I/usr/include/freetype2  -I/usr/include/AL     -O3 -fno-fast-math -ggdb3 -Wall -Wextra -Wno-unused-parameter -Wno-parentheses -Wno-long-long -Wno-missing-field-initializers -Wunused-variable -Wpointer-arith -Wwrite-strings -Wdeclaration-after-statement -Wimplicit-function-declaration -Wdeprecated-declarations -Wno-packed-bitfield-compat -Wno-maybe-uninitialized  -fPIC -DGOSU_DEPRECATED=  -D_REENTRANT    conftest.c  -L. -L/usr/share/rvm/rubies/ruby-2.3.4/lib -Wl,-R/usr/share/rvm/rubies/ruby-2.3.4/lib -L. -fstack-protector -rdynamic -Wl,-export-dynamic          -lGL -lSDL2 -lpangoft2-1.0 -lpango-1.0 -lgobject-2.0 -lglib-2.0 -lfontconfig -lfreetype -lvorbisfile -lopenal -Wl,-rpath,'/../lib' -Wl,-R'/../lib' -lruby -lsndfile -lpthread -lgmp -ldl -lcrypt -lm   -lc"
checked program was:
/* begin */
1: #include "ruby.h"
2: 
3: int main(int argc, char **argv)
4: {
5:   return 0;
6: }
/* end */

| pkg-config --cflags-only-I sndfile
=> "\n"
| pkg-config --cflags-only-other sndfile
=> "\n"
| pkg-config --libs-only-l sndfile
=> "-lsndfile\n"
package configuration for sndfile
cflags: 
ldflags: 
libs: -lsndfile

"pkg-config --exists libmpg123"
| pkg-config --libs libmpg123
=> "-lmpg123\n"
"gcc -o conftest -I/usr/share/rvm/rubies/ruby-2.3.4/include/ruby-2.3.0/x86_64-linux -I/usr/share/rvm/rubies/ruby-2.3.4/include/ruby-2.3.0/ruby/backward -I/usr/share/rvm/rubies/ruby-2.3.4/include/ruby-2.3.0 -I. -I../.. -I/usr/include/libdrm -I/usr/include/SDL2 -I/usr/include/pango-1.0 -I/usr/include/harfbuzz -I/usr/include/pango-1.0 -I/usr/include/glib-2.0 -I/usr/lib/x86_64-linux-gnu/glib-2.0/include -I/usr/include/freetype2  -I/usr/include/AL      -O3 -fno-fast-math -ggdb3 -Wall -Wextra -Wno-unused-parameter -Wno-parentheses -Wno-long-long -Wno-missing-field-initializers -Wunused-variable -Wpointer-arith -Wwrite-strings -Wdeclaration-after-statement -Wimplicit-function-declaration -Wdeprecated-declarations -Wno-packed-bitfield-compat -Wno-maybe-uninitialized  -fPIC -DGOSU_DEPRECATED=  -D_REENTRANT     conftest.c  -L. -L/usr/share/rvm/rubies/ruby-2.3.4/lib -Wl,-R/usr/share/rvm/rubies/ruby-2.3.4/lib -L. -fstack-protector -rdynamic -Wl,-export-dynamic           -lGL -lSDL2 -lpangoft2-1.0 -lpango-1.0 -lgobject-2.0 -lglib-2.0 -lfontconfig -lfreetype -lvorbisfile -lopenal -lsndfile -Wl,-rpath,'/../lib' -Wl,-R'/../lib' -lruby -lmpg123 -lpthread -lgmp -ldl -lcrypt -lm   -lc"
checked program was:
/* begin */
1: #include "ruby.h"
2: 
3: int main(int argc, char **argv)
4: {
5:   return 0;
6: }
/* end */

| pkg-config --cflags-only-I libmpg123
=> "\n"
| pkg-config --cflags-only-other libmpg123
=> "\n"
| pkg-config --libs-only-l libmpg123
=> "-lmpg123\n"
package configuration for libmpg123
cflags: 
ldflags: 
libs: -lmpg123

have_library: checking for TTF_RenderUTF8_Blended() in -lSDL2_ttf... -------------------- yes

"gcc -o conftest -I/usr/share/rvm/rubies/ruby-2.3.4/include/ruby-2.3.0/x86_64-linux -I/usr/share/rvm/rubies/ruby-2.3.4/include/ruby-2.3.0/ruby/backward -I/usr/share/rvm/rubies/ruby-2.3.4/include/ruby-2.3.0 -I. -I../.. -I/usr/include/libdrm -I/usr/include/SDL2 -I/usr/include/pango-1.0 -I/usr/include/harfbuzz -I/usr/include/pango-1.0 -I/usr/include/glib-2.0 -I/usr/lib/x86_64-linux-gnu/glib-2.0/include -I/usr/include/freetype2  -I/usr/include/AL       -O3 -fno-fast-math -ggdb3 -Wall -Wextra -Wno-unused-parameter -Wno-parentheses -Wno-long-long -Wno-missing-field-initializers -Wunused-variable -Wpointer-arith -Wwrite-strings -Wdeclaration-after-statement -Wimplicit-function-declaration -Wdeprecated-declarations -Wno-packed-bitfield-compat -Wno-maybe-uninitialized  -fPIC -DGOSU_DEPRECATED=  -D_REENTRANT      conftest.c  -L. -L/usr/share/rvm/rubies/ruby-2.3.4/lib -Wl,-R/usr/share/rvm/rubies/ruby-2.3.4/lib -L. -fstack-protector -rdynamic -Wl,-export-dynamic            -lGL -lSDL2 -lpangoft2-1.0 -lpango-1.0 -lgobject-2.0 -lglib-2.0 -lfontconfig -lfreetype -lvorbisfile -lopenal -lsndfile -lmpg123 -Wl,-rpath,'/../lib' -Wl,-R'/../lib' -lruby -lSDL2_ttf  -lGL -lSDL2 -lpangoft2-1.0 -lpango-1.0 -lgobject-2.0 -lglib-2.0 -lfontconfig -lfreetype -lvorbisfile -lopenal -lsndfile -lmpg123 -lpthread -lgmp -ldl -lcrypt -lm   -lc"
conftest.c: In function ‘t’:
conftest.c:13:57: error: ‘TTF_RenderUTF8_Blended’ undeclared (first use in this function)
 int t(void) { void ((*volatile p)()); p = (void ((*)()))TTF_RenderUTF8_Blended; return !p; }
                                                         ^
conftest.c:13:57: note: each undeclared identifier is reported only once for each function it appears in
checked program was:
/* begin */
 1: #include "ruby.h"
 2: 
 3: /*top*/
 4: extern int t(void);
 5: int main(int argc, char **argv)
 6: {
 7:   if (argc > 1000000) {
 8:     printf("%p", &t);
 9:   }
10: 
11:   return 0;
12: }
13: int t(void) { void ((*volatile p)()); p = (void ((*)()))TTF_RenderUTF8_Blended; return !p; }
/* end */

"gcc -o conftest -I/usr/share/rvm/rubies/ruby-2.3.4/include/ruby-2.3.0/x86_64-linux -I/usr/share/rvm/rubies/ruby-2.3.4/include/ruby-2.3.0/ruby/backward -I/usr/share/rvm/rubies/ruby-2.3.4/include/ruby-2.3.0 -I. -I../.. -I/usr/include/libdrm -I/usr/include/SDL2 -I/usr/include/pango-1.0 -I/usr/include/harfbuzz -I/usr/include/pango-1.0 -I/usr/include/glib-2.0 -I/usr/lib/x86_64-linux-gnu/glib-2.0/include -I/usr/include/freetype2  -I/usr/include/AL       -O3 -fno-fast-math -ggdb3 -Wall -Wextra -Wno-unused-parameter -Wno-parentheses -Wno-long-long -Wno-missing-field-initializers -Wunused-variable -Wpointer-arith -Wwrite-strings -Wdeclaration-after-statement -Wimplicit-function-declaration -Wdeprecated-declarations -Wno-packed-bitfield-compat -Wno-maybe-uninitialized  -fPIC -DGOSU_DEPRECATED=  -D_REENTRANT      conftest.c  -L. -L/usr/share/rvm/rubies/ruby-2.3.4/lib -Wl,-R/usr/share/rvm/rubies/ruby-2.3.4/lib -L. -fstack-protector -rdynamic -Wl,-export-dynamic            -lGL -lSDL2 -lpangoft2-1.0 -lpango-1.0 -lgobject-2.0 -lglib-2.0 -lfontconfig -lfreetype -lvorbisfile -lopenal -lsndfile -lmpg123 -Wl,-rpath,'/../lib' -Wl,-R'/../lib' -lruby -lSDL2_ttf  -lGL -lSDL2 -lpangoft2-1.0 -lpango-1.0 -lgobject-2.0 -lglib-2.0 -lfontconfig -lfreetype -lvorbisfile -lopenal -lsndfile -lmpg123 -lpthread -lgmp -ldl -lcrypt -lm   -lc"
checked program was:
/* begin */
 1: #include "ruby.h"
 2: 
 3: /*top*/
 4: extern int t(void);
 5: int main(int argc, char **argv)
 6: {
 7:   if (argc > 1000000) {
 8:     printf("%p", &t);
 9:   }
10: 
11:   return 0;
12: }
13: extern void TTF_RenderUTF8_Blended();
14: int t(void) { TTF_RenderUTF8_Blended(); return 0; }
/* end */

--------------------

have_header: checking for SDL_ttf.h... -------------------- yes

"gcc -E -I/usr/share/rvm/rubies/ruby-2.3.4/include/ruby-2.3.0/x86_64-linux -I/usr/share/rvm/rubies/ruby-2.3.4/include/ruby-2.3.0/ruby/backward -I/usr/share/rvm/rubies/ruby-2.3.4/include/ruby-2.3.0 -I. -I../.. -I/usr/include/libdrm -I/usr/include/SDL2 -I/usr/include/pango-1.0 -I/usr/include/harfbuzz -I/usr/include/pango-1.0 -I/usr/include/glib-2.0 -I/usr/lib/x86_64-linux-gnu/glib-2.0/include -I/usr/include/freetype2  -I/usr/include/AL       -O3 -fno-fast-math -ggdb3 -Wall -Wextra -Wno-unused-parameter -Wno-parentheses -Wno-long-long -Wno-missing-field-initializers -Wunused-variable -Wpointer-arith -Wwrite-strings -Wdeclaration-after-statement -Wimplicit-function-declaration -Wdeprecated-declarations -Wno-packed-bitfield-compat -Wno-maybe-uninitialized  -fPIC -DGOSU_DEPRECATED=  -D_REENTRANT       conftest.c -o conftest.i"
checked program was:
/* begin */
1: #include "ruby.h"
2: 
3: #include <SDL_ttf.h>
/* end */

--------------------

have_library: checking for main() in -lopenal... -------------------- yes

"gcc -o conftest -I/usr/share/rvm/rubies/ruby-2.3.4/include/ruby-2.3.0/x86_64-linux -I/usr/share/rvm/rubies/ruby-2.3.4/include/ruby-2.3.0/ruby/backward -I/usr/share/rvm/rubies/ruby-2.3.4/include/ruby-2.3.0 -I. -I../.. -I/usr/include/libdrm -I/usr/include/SDL2 -I/usr/include/pango-1.0 -I/usr/include/harfbuzz -I/usr/include/pango-1.0 -I/usr/include/glib-2.0 -I/usr/lib/x86_64-linux-gnu/glib-2.0/include -I/usr/include/freetype2  -I/usr/include/AL       -O3 -fno-fast-math -ggdb3 -Wall -Wextra -Wno-unused-parameter -Wno-parentheses -Wno-long-long -Wno-missing-field-initializers -Wunused-variable -Wpointer-arith -Wwrite-strings -Wdeclaration-after-statement -Wimplicit-function-declaration -Wdeprecated-declarations -Wno-packed-bitfield-compat -Wno-maybe-uninitialized  -fPIC -DGOSU_DEPRECATED=  -D_REENTRANT      conftest.c  -L. -L/usr/share/rvm/rubies/ruby-2.3.4/lib -Wl,-R/usr/share/rvm/rubies/ruby-2.3.4/lib -L. -fstack-protector -rdynamic -Wl,-export-dynamic           -lSDL2_ttf  -lGL -lSDL2 -lpangoft2-1.0 -lpango-1.0 -lgobject-2.0 -lglib-2.0 -lfontconfig -lfreetype -lvorbisfile -lopenal -lsndfile -lmpg123 -Wl,-rpath,'/../lib' -Wl,-R'/../lib' -lruby -lopenal -lSDL2_ttf  -lGL -lSDL2 -lpangoft2-1.0 -lpango-1.0 -lgobject-2.0 -lglib-2.0 -lfontconfig -lfreetype -lvorbisfile -lopenal -lsndfile -lmpg123 -lpthread -lgmp -ldl -lcrypt -lm   -lc"
checked program was:
/* begin */
 1: #include "ruby.h"
 2: 
 3: /*top*/
 4: extern int t(void);
 5: int main(int argc, char **argv)
 6: {
 7:   if (argc > 1000000) {
 8:     printf("%p", &t);
 9:   }
10: 
11:   return 0;
12: }
13: int t(void) { void ((*volatile p)()); p = (void ((*)()))main; return !p; }
/* end */

--------------------

have_header: checking for AL/al.h... -------------------- yes

"gcc -E -I/usr/share/rvm/rubies/ruby-2.3.4/include/ruby-2.3.0/x86_64-linux -I/usr/share/rvm/rubies/ruby-2.3.4/include/ruby-2.3.0/ruby/backward -I/usr/share/rvm/rubies/ruby-2.3.4/include/ruby-2.3.0 -I. -I../.. -I/usr/include/libdrm -I/usr/include/SDL2 -I/usr/include/pango-1.0 -I/usr/include/harfbuzz -I/usr/include/pango-1.0 -I/usr/include/glib-2.0 -I/usr/lib/x86_64-linux-gnu/glib-2.0/include -I/usr/include/freetype2  -I/usr/include/AL       -O3 -fno-fast-math -ggdb3 -Wall -Wextra -Wno-unused-parameter -Wno-parentheses -Wno-long-long -Wno-missing-field-initializers -Wunused-variable -Wpointer-arith -Wwrite-strings -Wdeclaration-after-statement -Wimplicit-function-declaration -Wdeprecated-declarations -Wno-packed-bitfield-compat -Wno-maybe-uninitialized  -fPIC -DGOSU_DEPRECATED=  -D_REENTRANT       conftest.c -o conftest.i"
checked program was:
/* begin */
1: #include "ruby.h"
2: 
3: #include <AL/al.h>
/* end */

--------------------

